Remove Pin=J1-1 From Net=OUT1A
Remove Pin=J1-2 From Net=OUT1B
Remove Pin=J2-1 From Net=OUT2A
Remove Pin=J2-2 From Net=OUT2B
Remove Pin=J3-1 From Net=OUT3A
Remove Pin=J3-2 From Net=OUT3B
Remove Pin=J4-1 From Net=OUT4A
Remove Pin=J4-2 From Net=OUT4B
Remove Pin=J5-1 From Net=+3.7V
Remove Pin=J5-2 From Net=GND
Remove Pin=R1-1 From Net=14
Remove Pin=R2-1 From Net=33
Remove Pin=R3-1 From Net=27
Remove Pin=R4-1 From Net=25
Remove Pin=R5-1 From Net=26
Remove Pin=R6-1 From Net=32
Remove Pin=R7-1 From Net=19
Remove Pin=R8-1 From Net=16
Remove Pin=R9-1 From Net=18
Remove Pin=R10-1 From Net=17
Remove Pin=R11-1 From Net=5
Remove Pin=R12-1 From Net=4
Remove Pin=U1-3 From Net=OUT1A
Remove Pin=U1-6 From Net=OUT1B
Remove Pin=U1-8 From Net=3V3
Remove Pin=U1-11 From Net=OUT2A
Remove Pin=U1-14 From Net=OUT2B
Remove Pin=U1-16 From Net=6V_P
Remove Pin=U2-3 From Net=OUT3A
Remove Pin=U2-6 From Net=OUT3B
Remove Pin=U2-8 From Net=3V3
Remove Pin=U2-11 From Net=OUT4A
Remove Pin=U2-14 From Net=OUT4B
Remove Pin=U2-16 From Net=6V_P
Remove Pin=U-1 From Net=3V3
Remove Pin=U-7 From Net=32
Remove Pin=U-8 From Net=33
Remove Pin=U-9 From Net=25
Remove Pin=U-10 From Net=26
Remove Pin=U-11 From Net=27
Remove Pin=U-12 From Net=14
Remove Pin=U-14 From Net=GND
Remove Pin=U-19 From Net=GND
Remove Pin=U-26 From Net=4
Remove Pin=U-27 From Net=16
Remove Pin=U-28 From Net=17
Remove Pin=U-29 From Net=5
Remove Pin=U-30 From Net=18
Remove Pin=U-31 From Net=19
Remove Pin=U-32 From Net=GND
Remove Pin=U-38 From Net=GND
